\BOOKMARK [1][-]{section.1}{Introduction}{}% 1
\BOOKMARK [1][-]{section.2}{Methodology}{}% 2
\BOOKMARK [2][-]{subsection.2.1}{Datasets}{section.2}% 3
\BOOKMARK [2][-]{subsection.2.2}{Ordering Points To Identify the Clustering Structure \(OPTICS\)}{section.2}% 4
\BOOKMARK [3][-]{subsubsection.2.2.1}{Hyperparameters}{subsection.2.2}% 5
\BOOKMARK [2][-]{subsection.2.3}{Spectral Clustering}{section.2}% 6
\BOOKMARK [3][-]{subsubsection.2.3.1}{Hyperparameters}{subsection.2.3}% 7
\BOOKMARK [2][-]{subsection.2.4}{K-Means}{section.2}% 8
\BOOKMARK [3][-]{subsubsection.2.4.1}{Hyperparameters}{subsection.2.4}% 9
\BOOKMARK [3][-]{subsubsection.2.4.2}{Clustering Methodology}{subsection.2.4}% 10
\BOOKMARK [2][-]{subsection.2.5}{Global K-Means}{section.2}% 11
\BOOKMARK [3][-]{subsubsection.2.5.1}{Hyperparameters}{subsection.2.5}% 12
\BOOKMARK [3][-]{subsubsection.2.5.2}{Clustering Methodology}{subsection.2.5}% 13
\BOOKMARK [2][-]{subsection.2.6}{X-Means Algorithm}{section.2}% 14
\BOOKMARK [3][-]{subsubsection.2.6.1}{Core Steps of X-Means Algorithm}{subsection.2.6}% 15
\BOOKMARK [2][-]{subsection.2.7}{Fuzzy C-Means}{section.2}% 16
\BOOKMARK [2][-]{subsection.2.8}{Metrics}{section.2}% 17
\BOOKMARK [3][-]{subsubsection.2.8.1}{Adjusted Rand Index \(ARI\)}{subsection.2.8}% 18
\BOOKMARK [3][-]{subsubsection.2.8.2}{Normalized Mutual Information \(NMI\)}{subsection.2.8}% 19
\BOOKMARK [3][-]{subsubsection.2.8.3}{Davies-Bouldin Index \(DBI\)}{subsection.2.8}% 20
\BOOKMARK [3][-]{subsubsection.2.8.4}{Silhouette Score}{subsection.2.8}% 21
\BOOKMARK [3][-]{subsubsection.2.8.5}{Calinski-Harabasz Score \(CHS\)}{subsection.2.8}% 22
\BOOKMARK [2][-]{subsection.2.9}{Dimensionality Reduction Techniques}{section.2}% 23
\BOOKMARK [1][-]{section.3}{Results}{}% 24
\BOOKMARK [2][-]{subsection.3.1}{OPTICS}{section.3}% 25
\BOOKMARK [3][-]{subsubsection.3.1.1}{Hyperparameter Study}{subsection.3.1}% 26
\BOOKMARK [3][-]{subsubsection.3.1.2}{Best runs}{subsection.3.1}% 27
\BOOKMARK [2][-]{subsection.3.2}{Spectral Clustering}{section.3}% 28
\BOOKMARK [3][-]{subsubsection.3.2.1}{Hyperparameter Study}{subsection.3.2}% 29
\BOOKMARK [3][-]{subsubsection.3.2.2}{Best runs}{subsection.3.2}% 30
\BOOKMARK [2][-]{subsection.3.3}{K-Means}{section.3}% 31
\BOOKMARK [3][-]{subsubsection.3.3.1}{Hyperparameter Study}{subsection.3.3}% 32
\BOOKMARK [3][-]{subsubsection.3.3.2}{Best Runs}{subsection.3.3}% 33
\BOOKMARK [2][-]{subsection.3.4}{Global K-Means}{section.3}% 34
\BOOKMARK [3][-]{subsubsection.3.4.1}{Hyperparameter Study}{subsection.3.4}% 35
\BOOKMARK [3][-]{subsubsection.3.4.2}{Best Runs}{subsection.3.4}% 36
\BOOKMARK [2][-]{subsection.3.5}{X-Means}{section.3}% 37
\BOOKMARK [3][-]{subsubsection.3.5.1}{Hyper-parameters}{subsection.3.5}% 38
\BOOKMARK [3][-]{subsubsection.3.5.2}{Visualization}{subsection.3.5}% 39
\BOOKMARK [2][-]{subsection.3.6}{Fuzzy C-Means}{section.3}% 40
\BOOKMARK [3][-]{subsubsection.3.6.1}{Preliminary Study}{subsection.3.6}% 41
\BOOKMARK [3][-]{subsubsection.3.6.2}{Unified Study of Parameters}{subsection.3.6}% 42
\BOOKMARK [3][-]{subsubsection.3.6.3}{Best Runs}{subsection.3.6}% 43
\BOOKMARK [1][-]{section.4}{Conclusion}{}% 44
